epoch,acc,loss,val_acc,val_loss
0,0.0,0.86696940660476685,0.0,0.68148255348205566
1,0.0,0.85314649343490601,0.0,0.66494596004486084
2,0.0,0.84301984310150146,0.0,0.65031981468200684
3,0.0,0.83442169427871704,0.0,0.63668447732925415
4,0.0,0.82666307687759399,0.0,0.62361037731170654
5,0.0,0.81942105293273926,0.0,0.6108403205871582
6,0.0,0.81251168251037598,0.0,0.59820586442947388
7,0.0,0.80581539869308472,0.0,0.58560007810592651
8,0.0,0.79924851655960083,0.0,0.57297015190124512
9,0.0,0.79274952411651611,0.0,0.56030124425888062
10,0.0,0.78627359867095947,0.0,0.54759585857391357
11,0.0,0.77978605031967163,0.0,0.53486329317092896
12,0.0,0.77325940132141113,0.0,0.52211707830429077
13,0.0,0.76666998863220215,0.0,0.5093766450881958
14,0.0,0.75999736785888672,0.0,0.49666833877563477
15,0.0,0.75322383642196655,0.0,0.48402783274650574
16,0.0,0.74633532762527466,0.0,0.47149908542633057
17,0.0,0.73932129144668579,0.0,0.45913246273994446
18,0.0,0.73217529058456421,0.0,0.44698074460029602
19,0.0,0.724895179271698,0.0,0.43509674072265625
20,0.0,0.71748149394989014,0.0,0.42352989315986633
21,0.0,0.70993781089782715,0.0,0.41232603788375854
22,0.0,0.70226985216140747,0.0,0.40152603387832642
23,0.0,0.69448524713516235,0.0,0.39116594195365906
24,0.0,0.68659383058547974,0.0,0.38127675652503967
25,0.0,0.67860722541809082,0.0,0.3718840479850769
26,0.0,0.67053961753845215,0.0,0.36300680041313171
27,0.0,0.66240602731704712,0.0,0.35465654730796814
28,0.0,0.65422338247299194,0.0,0.34683704376220703
29,0.0,0.64600908756256104,0.0,0.33954447507858276
30,0.0,0.63778036832809448,0.0,0.33276829123497009
31,0.0,0.62955409288406372,0.0,0.32649236917495728
32,0.0,0.62134623527526855,0.0,0.32069623470306396
33,0.0,0.61317145824432373,0.0,0.31535738706588745
34,0.0,0.60504275560379028,0.0,0.31045013666152954
35,0.0,0.59697151184082031,0.0,0.30594447255134583
36,0.0,0.58896738290786743,0.0,0.30181246995925903
37,0.0,0.58103805780410767,0.0,0.29802420735359192
38,0.0,0.57318949699401855,0.0,0.29455116391181946
39,0.0,0.56542599201202393,0.0,0.29136598110198975
40,0.0,0.5577501654624939,0.0,0.28844091296195984
41,0.01666666753590107,0.5501636266708374,0.0,0.28575056791305542
42,0.033333335071802139,0.54266649484634399,0.0,0.2832711935043335
43,0.033333335071802139,0.53525799512863159,0.0,0.28098097443580627
44,0.066666670143604279,0.52793669700622559,0.0,0.27886092662811279
45,0.083333335816860199,0.52070081233978271,0.0,0.27689442038536072
46,0.083333335816860199,0.51354831457138062,0.0,0.27506664395332336
47,0.10000000149011612,0.50647741556167603,0.0,0.27336475253105164
48,0.11666666716337204,0.49948680400848389,0.0,0.27177736163139343
49,0.11666666716337204,0.49257558584213257,0.0,0.27029439806938171
50,0.15000000596046448,0.48574385046958923,0.0,0.26890760660171509
51,0.1666666716337204,0.47899278998374939,0.0,0.26760876178741455
52,0.21666666865348816,0.47232434153556824,0.0,0.26639068126678467
53,0.23333333432674408,0.46574157476425171,0.0,0.26524683833122253
54,0.26666668057441711,0.45924833416938782,0.0,0.26417100429534912
55,0.3333333432674408,0.45284876227378845,0.0,0.26315730810165405
56,0.40000000596046448,0.44654750823974609,0.0,0.26216000318527222
57,0.43333333730697632,0.44034895300865173,0.0,0.26125594973564148
58,0.43333333730697632,0.4342571496963501,0.0,0.26039841771125793
59,0.44999998807907104,0.42827609181404114,0.0,0.25958263874053955
60,0.44999998807907104,0.42240896821022034,0.0,0.25880429148674011
61,0.46666666865348816,0.41665828227996826,0.0,0.25803676247596741
62,0.5,0.41102570295333862,0.0,0.25732234120368958
63,0.53333336114883423,0.40551218390464783,0.0,0.25663477182388306
64,0.56666666269302368,0.40011799335479736,0.0,0.25595653057098389
65,0.56666666269302368,0.3948424756526947,0.0,0.25531619787216187
66,0.56666666269302368,0.38968411087989807,0.0,0.2546970546245575
67,0.56666666269302368,0.38464099168777466,0.0,0.25408756732940674
68,0.56666666269302368,0.37971046566963196,0.0,0.25350910425186157
69,0.56666666269302368,0.37488904595375061,0.0,0.25295054912567139
70,0.56666666269302368,0.37017348408699036,0.0,0.25240415334701538
71,0.56666666269302368,0.36555957794189453,0.0,0.25188654661178589
72,0.56666666269302368,0.36104366183280945,0.0,0.25138387084007263
73,0.56666666269302368,0.35662180185317993,0.0,0.25090950727462769
74,0.56666666269302368,0.35229060053825378,0.0,0.25045269727706909
75,0.56666666269302368,0.34804731607437134,0.0,0.25001972913742065
76,0.56666666269302368,0.34388986229896545,0.0,0.24961376190185547
77,0.56666666269302368,0.33981692790985107,0.0,0.24922674894332886
78,0.56666666269302368,0.33582794666290283,0.0,0.24886155128479004
79,0.56666666269302368,0.33192303776741028,0.0,0.24851655960083008
80,0.56666666269302368,0.32810267806053162,0.0,0.24819183349609375
81,0.56666666269302368,0.32436758279800415,0.0,0.24788118898868561
82,0.56666666269302368,0.32071858644485474,0.0,0.24758464097976685
83,0.56666666269302368,0.3171563446521759,0.0,0.24729999899864197
84,0.56666666269302368,0.31368157267570496,0.0,0.24702499806880951
85,0.56666666269302368,0.31029471755027771,0.0,0.24675735831260681
86,0.56666666269302368,0.30699601769447327,0.0,0.24649494886398315
87,0.56666666269302368,0.30378565192222595,0.0,0.24623566865921021
88,0.56666666269302368,0.30066365003585815,0.0,0.24597743153572083
89,0.56666666269302368,0.29762989282608032,0.0,0.24571824073791504
90,0.56666666269302368,0.29468408226966858,0.0,0.24545605480670929
91,0.56666666269302368,0.29182577133178711,0.0,0.24518898129463196
92,0.56666666269302368,0.28905430436134338,0.0,0.24491515755653381
93,0.56666666269302368,0.28636875748634338,0.0,0.2446327805519104
94,0.56666666269302368,0.28376808762550354,0.0,0.24434015154838562
95,0.56666666269302368,0.28125095367431641,0.0,0.24403561651706696
96,0.56666666269302368,0.2788158655166626,0.0,0.24371759593486786
97,0.56666666269302368,0.27646112442016602,0.0,0.24338451027870178
98,0.56666666269302368,0.27418473362922668,0.0,0.24303486943244934
99,0.56666666269302368,0.27198454737663269,0.0,0.24266716837882996
100,0.56666666269302368,0.26985830068588257,0.0,0.2422797679901123
101,0.56666666269302368,0.26780357956886292,0.0,0.24187085032463074
102,0.56666666269302368,0.26581770181655884,0.0,0.24143940210342407
103,0.56666666269302368,0.26389804482460022,0.0,0.24098223447799683
104,0.56666666269302368,0.26204177737236023,0.0,0.24049822986125946
105,0.56666666269302368,0.26024580001831055,0.0,0.239985391497612
106,0.56666666269302368,0.25850704312324524,0.0,0.23944176733493805
107,0.56666666269302368,0.2568223774433136,0.0,0.23886629939079285
108,0.56666666269302368,0.25518852472305298,0.0,0.23825833201408386
109,0.56666666269302368,0.25360235571861267,0.0,0.23761799931526184
110,0.56666666269302368,0.25206062197685242,0.0,0.23694634437561035
111,0.56666666269302368,0.25056040287017822,0.0,0.23624509572982788
112,0.56666666269302368,0.24909891188144684,0.0,0.23551663756370544
113,0.56666666269302368,0.24767360091209412,0.0,0.23476347327232361
114,0.56666666269302368,0.24628210067749023,0.0,0.23398901522159576
115,0.56666666269302368,0.24492235481739044,0.0,0.23319290578365326
116,0.56666666269302368,0.24359244108200073,0.0,0.2323811948299408
117,0.56666666269302368,0.24229072034358978,0.0,0.23155809938907623
118,0.56666666269302368,0.24101556837558746,0.0,0.2307216078042984
119,0.56666666269302368,0.23976549506187439,0.0,0.22987014055252075
120,0.56666666269302368,0.23853924870491028,0.0,0.2290157675743103
121,0.56666666269302368,0.23733548820018768,0.0,0.22815240919589996
122,0.56666666269302368,0.23615318536758423,0.0,0.22728139162063599
123,0.56666666269302368,0.23499126732349396,0.0,0.22640427947044373
124,0.56666666269302368,0.23384882509708405,0.0,0.22552275657653809
125,0.56666666269302368,0.23272499442100525,0.0,0.22463828325271606
126,0.56666666269302368,0.23161907494068146,0.0,0.22375991940498352
127,0.56666666269302368,0.2305302619934082,0.0,0.22288085520267487
128,0.56666666269302368,0.22945794463157654,0.0,0.22200220823287964
129,0.56666666269302368,0.22840142250061035,0.0,0.22112494707107544
130,0.55000001192092896,0.2273600846529007,0.0,0.22024697065353394
131,0.55000001192092896,0.22633327543735504,0.0,0.21938143670558929
132,0.53333336114883423,0.22532062232494354,0.0,0.21851488947868347
133,0.53333336114883423,0.22432127594947815,0.0,0.217652827501297
134,0.53333336114883423,0.22333493828773499,0.0,0.21680107712745667
135,0.5,0.22236077487468719,0.0,0.21595345437526703
136,0.48333331942558289,0.22139820456504822,0.0,0.21511182188987732
137,0.46666666865348816,0.2204466313123703,0.0,0.21427896618843079
138,0.43333333730697632,0.21950536966323853,0.0,0.21345058083534241
139,0.43333333730697632,0.21857364475727081,0.0,0.21263405680656433
140,0.38333332538604736,0.21765080094337463,0.0,0.21182101964950562
141,0.31666666269302368,0.21673578023910522,0.0,0.21101522445678711
142,0.26666668057441711,0.21582774817943573,0.0,0.21021774411201477
143,0.23333333432674408,0.21492578089237213,0.0,0.20942415297031403
144,0.18333333730697632,0.21402883529663086,0.0,0.20863921940326691
145,0.13333334028720856,0.21313604712486267,0.0,0.2078646719455719
146,0.11666666716337204,0.21224670112133026,0.0,0.20708049833774567
147,0.083333335816860199,0.21135981380939484,0.0,0.20631773769855499
148,0.05000000074505806,0.21047455072402954,0.0,0.20554502308368683
149,0.01666666753590107,0.20959009230136871,0.0,0.20477429032325745
150,0.01666666753590107,0.20870687067508698,0.0,0.20401467382907867
151,0.0,0.20782414078712463,0.0,0.2032480388879776
152,0.0,0.20694147050380707,0.0,0.20249025523662567
153,0.0,0.2060592919588089,0.0,0.20172777771949768
154,0.0,0.20517696440219879,0.0,0.20097169280052185
155,0.0,0.20429477095603943,0.0,0.20021256804466248
156,0.0,0.20341253280639648,0.0,0.19945789873600006
157,0.0,0.2025301605463028,0.0,0.19870090484619141
158,0.0,0.20164781808853149,0.0,0.19794818758964539
159,0.0,0.20076516270637512,0.0,0.19719663262367249
160,0.0,0.19988244771957397,0.0,0.19644109904766083
161,0.0,0.19899943470954895,0.0,0.1956891268491745
162,0.0,0.19811604917049408,0.0,0.19493725895881653
163,0.0,0.19723230600357056,0.0,0.1941845566034317
164,0.0,0.19634813070297241,0.0,0.19343091547489166
165,0.0,0.1954634040594101,0.0,0.19267734885215759
166,0.0,0.19457808136940002,0.0,0.19192339479923248
167,0.0,0.19369201362133026,0.0,0.19116966426372528
168,0.0,0.19280518591403961,0.0,0.19041404128074646
169,0.0,0.19191738963127136,0.0,0.18965721130371094
170,0.0,0.19102859497070312,0.0,0.18889912962913513
171,0.0,0.19013871252536774,0.0,0.18814066052436829
172,0.0,0.18924754858016968,0.0,0.18737727403640747
173,0.0,0.18835502862930298,0.0,0.18661223351955414
174,0.0,0.18746092915534973,0.0,0.18584653735160828
175,0.0,0.18656522035598755,0.0,0.18507561087608337
176,0.0,0.18566770851612091,0.0,0.18430140614509583
177,0.0,0.18476822972297668,0.0,0.18352395296096802
178,0.0,0.18386667966842651,0.0,0.18274675309658051
179,0.0,0.18296296894550323,0.0,0.18196456134319305
180,0.0,0.18205663561820984,0.0,0.18116967380046844
181,0.0,0.18114788830280304,0.0,0.18038463592529297
182,0.0,0.1802360862493515,0.0,0.1795736700296402
183,0.0,0.17932167649269104,0.0,0.17876634001731873
184,0.0,0.17840401828289032,0.0,0.17797765135765076
185,0.0,0.17748276889324188,0.0,0.17713989317417145
186,0.0,0.17655842006206512,0.0,0.17633765935897827
187,0.0,0.1756303459405899,0.0,0.17548495531082153
188,0.0,0.17469878494739532,0.0,0.17469197511672974
189,0.0,0.1737629622220993,0.0,0.17380990087985992
190,0.0,0.17282344400882721,0.0,0.17300726473331451
191,0.0,0.17188018560409546,0.0,0.17209909856319427
192,0.0,0.17093260586261749,0.0,0.17133449018001556
193,0.0,0.16998085379600525,0.0,0.17036318778991699
194,0.0,0.16902525722980499,0.0,0.16964012384414673
195,0.0,0.16806536912918091,0.0,0.16859322786331177
196,0.0,0.16710159182548523,0.0,0.16794340312480927
197,0.0,0.16613371670246124,0.0,0.16678746044635773
198,0.0,0.16516205668449402,0.0,0.16624784469604492
199,0.0,0.16418609023094177,0.0,0.16498176753520966
200,0.0,0.16320627927780151,0.0,0.16449195146560669
201,0.0,0.16222241520881653,0.0,0.16320361196994781
202,0.0,0.16123461723327637,0.0,0.16269765794277191
203,0.0,0.16024281084537506,0.0,0.16143506765365601
204,0.0,0.15924723446369171,0.0,0.16088315844535828
205,0.0,0.15824802219867706,0.0,0.1596575528383255
206,0.0,0.15724506974220276,0.0,0.15907320380210876
207,0.0,0.15623882412910461,0.0,0.15786160528659821
208,0.0,0.15522883832454681,0.0,0.15727125108242035
209,0.0,0.15421590209007263,0.0,0.15605007112026215
210,0.0,0.15319922566413879,0.0,0.15547341108322144
211,0.0,0.152180016040802,0.0,0.15422946214675903
212,0.0,0.15115706622600555,0.0,0.15367475152015686
213,0.0,0.150131955742836,0.0,0.15240688621997833
214,0.0,0.14910313487052917,0.0,0.15187171101570129
215,0.0,0.14807254076004028,0.0,0.1505880206823349
216,0.0,0.14703826606273651,0.0,0.1500573605298996
217,0.0,0.14600194990634918,0.0,0.14879979193210602
218,0.0,0.14496295154094696,0.0,0.1482437402009964
219,0.0,0.14392198622226715,0.0,0.14698635041713715
220,0.0,0.14287813007831573,0.0,0.14644020795822144
221,0.0,0.14183245599269867,0.0,0.14518748223781586
222,0.0,0.14078445732593536,0.0,0.14465999603271484
223,0.0,0.13973481953144073,0.0,0.14336411654949188
224,0.0,0.13868255913257599,0.0,0.14288534224033356
225,0.0,0.13762858510017395,0.0,0.14158362150192261
226,0.0,0.13657251000404358,0.0,0.14110080897808075
227,0.0,0.1355149894952774,0.0,0.13980491459369659
228,0.0,0.13445521891117096,0.0,0.13931706547737122
229,0.0,0.13339416682720184,0.0,0.13805069029331207
230,0.0,0.13233146071434021,0.0,0.13754698634147644
231,0.0,0.13126744329929352,0.0,0.13629236817359924
232,0.0,0.13020230829715729,0.0,0.13579179346561432
233,0.0,0.12913593649864197,0.0,0.13453105092048645
234,0.0,0.12806889414787292,0.0,0.13404580950737
235,0.0,0.12700091302394867,0.0,0.13276921212673187
236,0.0,0.1259324699640274,0.0,0.13230220973491669
237,0.0,0.12486367672681808,0.0,0.13101264834403992
238,0.0,0.12379452586174011,0.0,0.13055452704429626
239,0.0,0.12272532284259796,0.0,0.12927816808223724
240,0.0,0.12165653705596924,0.0,0.12881085276603699
241,0.0,0.12058791518211365,0.0,0.12753987312316895
242,0.0,0.11952026188373566,0.0,0.12707488238811493
243,0.0,0.11845313757658005,0.0,0.12579843401908875
244,0.0,0.1173873096704483,0.0,0.12534353137016296
245,0.0,0.11632262915372849,0.0,0.12405625730752945
246,0.0,0.11525964736938477,0.0,0.12362491339445114
247,0.0,0.11419809609651566,0.0,0.12232339382171631
248,0.0,0.11313828825950623,0.0,0.12189888954162598
249,0.0,0.11208102107048035,0.0,0.12059818208217621
250,0.033333335071802139,0.1110258549451828,0.0,0.1201910674571991
251,0.01666666753590107,0.10997288674116135,0.0,0.11889787763357162
252,0.066666670143604279,0.10892274975776672,0.0,0.11847876012325287
253,0.066666670143604279,0.10787517577409744,0.0,0.11721178144216537
254,0.083333335816860199,0.10683131217956543,0.0,0.11678488552570343
255,0.066666670143604279,0.10579058527946472,0.0,0.1155170202255249
256,0.083333335816860199,0.10475324094295502,0.0,0.1150958389043808
257,0.083333335816860199,0.10371871292591095,0.0,0.11386390030384064
258,0.10000000149011612,0.10268901288509369,0.0,0.11341739445924759
259,0.10000000149011612,0.1016625389456749,0.0,0.11220355331897736
260,0.11666666716337204,0.10064099729061127,0.0,0.11176033318042755
261,0.10000000149011612,0.099623583257198334,0.0,0.11054202169179916
262,0.13333334028720856,0.098611824214458466,0.0,0.11014866083860397
263,0.13333334028720856,0.097604602575302124,0.0,0.10887154191732407
264,0.18333333730697632,0.096602015197277069,0.0,0.10852976888418198
265,0.13333334028720856,0.095603719353675842,0.0,0.10726390779018402
266,0.18333333730697632,0.094611018896102905,0.0,0.10690806806087494
267,0.1666666716337204,0.09362330287694931,0.0,0.10567411780357361
268,0.20000000298023224,0.092640861868858337,0.0,0.10528944432735443
269,0.18333333730697632,0.091663472354412079,0.0,0.10411950945854187
270,0.20000000298023224,0.090692929923534393,0.0,0.10370523482561111
271,0.20000000298023224,0.08972804993391037,0.0,0.10254818946123123
272,0.21666666865348816,0.08876926451921463,0.0,0.10214371979236603
273,0.20000000298023224,0.0878162682056427,0.0,0.10100625455379486
274,0.25,0.086870081722736359,0.0,0.10060726851224899
275,0.20000000298023224,0.085929892957210541,0.0,0.099471844732761383
276,0.26666668057441711,0.084996908903121948,0.0,0.099099121987819672
277,0.25,0.084070377051830292,0.0,0.097940556704998016
278,0.28333333134651184,0.083150908350944519,0.0,0.097613759338855743
279,0.26666668057441711,0.082238145172595978,0.0,0.096436105668544769
280,0.31666666269302368,0.081332609057426453,0.0,0.09614437073469162
281,0.26666668057441711,0.080433450639247894,0.0,0.094969525933265686
282,0.31666666269302368,0.079541921615600586,0.0,0.094682306051254272
283,0.28333333134651184,0.078656800091266632,0.0,0.093534223735332489
284,0.34999999403953552,0.077779695391654968,0.0,0.093237109482288361
285,0.30000001192092896,0.076909095048904419,0.0,0.092122524976730347
286,0.36666667461395264,0.076046966016292572,0.0,0.091819323599338531
287,0.31666666269302368,0.075191549956798553,0.0,0.090722881257534027
288,0.36666667461395264,0.074344590306282043,0.0,0.090432636439800262
289,0.34999999403953552,0.073504641652107239,0.0,0.089337058365345001
290,0.38333332538604736,0.072672970592975616,0.0,0.089074499905109406
291,0.34999999403953552,0.071848638355731964,0.0,0.087971039116382599
292,0.38333332538604736,0.071032300591468811,0.0,0.087740093469619751
293,0.36666667461395264,0.070223703980445862,0.0,0.086631812155246735
294,0.40000000596046448,0.069423213601112366,0.0,0.086435519158840179
295,0.38333332538604736,0.068629883229732513,0.0,0.085328936576843262
296,0.4166666567325592,0.067844867706298828,0.0,0.085144758224487305
297,0.38333332538604736,0.067066594958305359,0.0,0.084065958857536316
298,0.4166666567325592,0.066297255456447601,0.0,0.083876736462116241
299,0.40000000596046448,0.065535210072994232,0.0,0.082813970744609833
300,0.43333333730697632,0.064781486988067627,0.0,0.082636401057243347
301,0.40000000596046448,0.064035043120384216,0.0,0.081591695547103882
302,0.43333333730697632,0.063297241926193237,0.0,0.081428095698356628
303,0.4166666567325592,0.062566772103309631,0.0,0.080385096371173859
304,0.43333333730697632,0.061845049262046814,0.0,0.080253571271896362
305,0.4166666567325592,0.061130359768867493,0.0,0.079199947416782379
306,0.43333333730697632,0.060424275696277618,0.0,0.079098276793956757
307,0.43333333730697632,0.059725277125835419,0.0,0.078040570020675659
308,0.43333333730697632,0.05903485044836998,0.0,0.077965274453163147
309,0.43333333730697632,0.058351285755634308,0.0,0.076909825205802917
310,0.46666666865348816,0.057676281780004501,0.0,0.076850205659866333
311,0.43333333730697632,0.057007994502782822,0.0,0.075805649161338806
312,0.5,0.056348148733377457,0.0,0.075752250850200653
313,0.43333333730697632,0.055695183575153351,0.0,0.074721820652484894
314,0.51666665077209473,0.055050753057003021,0.0,0.074682839214801788
315,0.43333333730697632,0.054412804543972015,0.0,0.073657490313053131
316,0.53333336114883423,0.053783345967531204,0.0,0.07363196462392807
317,0.44999998807907104,0.053160112351179123,0.0,0.072616301476955414
318,0.53333336114883423,0.052545119076967239,0.0,0.072594620287418365
319,0.44999998807907104,0.051936443895101547,0.0,0.071594342589378357
320,0.55000001192092896,0.051335897296667099,0.0,0.071584120392799377
321,0.46666666865348816,0.050741728395223618,0.0,0.070581093430519104
322,0.55000001192092896,0.050155606120824814,0.0,0.070604085922241211
323,0.51666665077209473,0.049575399607419968,0.0,0.069583624601364136
324,0.55000001192092896,0.049003023654222488,0.0,0.069637686014175415
325,0.53333336114883423,0.048436451703310013,0.0,0.068605609238147736
326,0.55000001192092896,0.047877594828605652,0.0,0.068680688738822937
327,0.53333336114883423,0.047324392944574356,0.0,0.06764780730009079
328,0.56666666269302368,0.046778727322816849,0.0,0.067733258008956909
329,0.53333336114883423,0.046238385140895844,0.0,0.066712707281112671
330,0.56666666269302368,0.045705609023571014,0.0,0.066797278821468353
331,0.55000001192092896,0.045178104192018509,0.0,0.065788470208644867
332,0.56666666269302368,0.044657863676548004,0.0,0.065876021981239319
333,0.55000001192092896,0.044142827391624451,0.0,0.064871959388256073
334,0.56666666269302368,0.043634630739688873,0.0,0.06497211754322052
335,0.55000001192092896,0.043131828308105469,0.0,0.063955947756767273
336,0.56666666269302368,0.042635910212993622,0.0,0.064083263278007507
337,0.55000001192092896,0.042144998908042908,0.0,0.063049964606761932
338,0.56666666269302368,0.04166056215763092,0.0,0.063205182552337646
339,0.55000001192092896,0.041180688887834549,0.0,0.062159266322851181
340,0.56666666269302368,0.040706828236579895,0.0,0.062332451343536377
341,0.55000001192092896,0.040237035602331161,0.0,0.061286147683858871
342,0.56666666269302368,0.03977295383810997,0.0,0.0614609494805336
343,0.56666666269302368,0.039312586188316345,0.0,0.060429252684116364
344,0.56666666269302368,0.03885786235332489,0.0,0.060594774782657623
345,0.56666666269302368,0.038406722247600555,0.0,0.05957493931055069
346,0.56666666269302368,0.037961263209581375,0.0,0.059744331985712051
347,0.56666666269302368,0.037519194185733795,0.0,0.058720625936985016
348,0.56666666269302368,0.037082482129335403,0.0,0.058905661106109619
349,0.56666666269302368,0.036649152636528015,0.0,0.057867966592311859
350,0.56666666269302368,0.036220859736204147,0.0,0.058077555149793625
351,0.56666666269302368,0.035795919597148895,0.0,0.057017292827367783
352,0.56666666269302368,0.035376157611608505,0.0,0.057258624583482742
353,0.56666666269302368,0.034959070384502411,0.0,0.05618097260594368
354,0.56666666269302368,0.034546956419944763,0.0,0.056433048099279404
355,0.56666666269302368,0.034137297421693802,0.0,0.055363908410072327
356,0.56666666269302368,0.033732715994119644,0.0,0.055610958486795425
357,0.56666666269302368,0.033330835402011871,0.0,0.054549776017665863
358,0.56666666269302368,0.03293377161026001,0.0,0.05479826033115387
359,0.56666666269302368,0.032539483159780502,0.0,0.053737137466669083
360,0.56666666269302368,0.0321497842669487,0.0,0.053998608142137527
361,0.56666666269302368,0.03176291286945343,0.0,0.052924815565347672
362,0.56666666269302368,0.03138076514005661,0.0,0.053213551640510559
363,0.56666666269302368,0.031000880524516106,0.0,0.052117645740509033
364,0.56666666269302368,0.030625792220234871,0.0,0.052433867007493973
365,0.56666666269302368,0.030252713710069656,0.0,0.051323182880878448
366,0.56666666269302368,0.029884397983551025,0.0,0.05165497213602066
367,0.56666666269302368,0.029517984017729759,0.0,0.050542831420898438
368,0.56666666269302368,0.029156256467103958,0.0,0.050882194191217422
369,0.56666666269302368,0.028796589002013206,0.0,0.04976966604590416
370,0.56666666269302368,0.028441658243536949,0.0,0.050121061503887177
371,0.56666666269302368,0.028088506311178207,0.0,0.049004677683115005
372,0.56666666269302368,0.027739977464079857,0.0,0.049365557730197906
373,0.56666666269302368,0.027393234893679619,0.0,0.048247873783111572
374,0.56666666269302368,0.027051236480474472,0.0,0.04862569272518158
375,0.56666666269302368,0.026710944250226021,0.0,0.047499436885118484
376,0.56666666269302368,0.026375211775302887,0.0,0.04789603129029274
377,0.56666666269302368,0.026041282340884209,0.0,0.046757634729146957
378,0.56666666269302368,0.025711897760629654,0.0,0.047176413238048553
379,0.56666666269302368,0.02538408525288105,0.0,0.046027872711420059
380,0.56666666269302368,0.025060839951038361,0.0,0.046465080231428146
381,0.56666666269302368,0.024739246815443039,0.0,0.045306447893381119
382,0.56666666269302368,0.024422267451882362,0.0,0.045763276517391205
383,0.56666666269302368,0.024106675758957863,0.0,0.044597990810871124
384,0.56666666269302368,0.023795923218131065,0.0,0.04507199302315712
385,0.56666666269302368,0.023486373946070671,0.0,0.043898683041334152
386,0.56666666269302368,0.023181771859526634,0.0,0.044390756636857986
387,0.56666666269302368,0.022878076881170273,0.0,0.043212156742811203
388,0.56666666269302368,0.022579105570912361,0.0,0.043723065406084061
389,0.56666666269302368,0.022281182929873466,0.0,0.042536258697509766
390,0.56666666269302368,0.021988140419125557,0.0,0.043061986565589905
391,0.56666666269302368,0.021696198731660843,0.0,0.041869483888149261
392,0.56666666269302368,0.021409193053841591,0.0,0.042408458888530731
393,0.56666666269302368,0.02112310379743576,0.0,0.041213221848011017
394,0.56666666269302368,0.020841991528868675,0.0,0.041764017194509506
395,0.56666666269302368,0.020561892539262772,0.0,0.040561556816101074
396,0.56666666269302368,0.020286714658141136,0.0,0.041134543716907501
397,0.56666666269302368,0.020012650638818741,0.0,0.039912469685077667
398,0.56666666269302368,0.01974344439804554,0.0,0.04051724448800087
399,0.56666666269302368,0.019475199282169342,0.0,0.039272867143154144
400,0.56666666269302368,0.019211610779166222,0.0,0.039905600249767303
401,0.56666666269302368,0.018949057906866074,0.0,0.038645233958959579
402,0.56666666269302368,0.018690904602408409,0.0,0.039296925067901611
403,0.56666666269302368,0.01843409426510334,0.0,0.038027945905923843
404,0.56666666269302368,0.018181478604674339,0.0,0.03869444876909256
405,0.56666666269302368,0.017930023372173309,0.0,0.03742324560880661
406,0.56666666269302368,0.017682584002614021,0.0,0.0380999855697155
407,0.56666666269302368,0.017436619848012924,0.0,0.036825366318225861
408,0.56666666269302368,0.017194492742419243,0.0,0.037516247481107712
409,0.56666666269302368,0.016953986138105392,0.0,0.036232996731996536
410,0.56666666269302368,0.016717011108994484,0.0,0.036940023303031921
411,0.56666666269302368,0.016481708735227585,0.0,0.035645909607410431
412,0.56666666269302368,0.016250139102339745,0.0,0.03637777641415596
413,0.56666666269302368,0.0160199124366045,0.0,0.035063326358795166
414,0.56666666269302368,0.01579335518181324,0.0,0.035822801291942596
415,0.56666666269302368,0.015568125061690807,0.0,0.034487906843423843
416,0.56666666269302368,0.015346590429544449,0.0,0.035269003361463547
417,0.56666666269302368,0.015125775709748268,0.0,0.033960793167352676
418,0.56666666269302368,0.014906623400747776,0.0,0.034754682332277298
419,0.56666666269302368,0.014688995666801929,0.0,0.033469792455434799
420,0.56666666269302368,0.014470168389379978,0.0,0.034296475350856781
421,0.58333331346511841,0.014253961853682995,0.0,0.032946839928627014
422,0.58333331346511841,0.014043359085917473,0.0,0.033787522464990616
423,0.61666667461395264,0.013835406862199306,0.0,0.032412651926279068
424,0.61666667461395264,0.013631774112582207,0.0,0.033276446163654327
425,0.61666667461395264,0.013429335318505764,0.0,0.031897243112325668
426,0.61666667461395264,0.013230292126536369,0.0,0.032777488231658936
427,0.63333332538604736,0.01303256768733263,0.0,0.031398322433233261
428,0.64999997615814209,0.012837928719818592,0.0,0.032278649508953094
429,0.64999997615814209,0.012644698843359947,0.0,0.030903525650501251
430,0.64999997615814209,0.012454592622816563,0.0,0.031793203204870224
431,0.64999997615814209,0.012265954166650772,0.0,0.030409853905439377
432,0.64999997615814209,0.012080353684723377,0.0,0.031298205256462097
433,0.64999997615814209,0.011896156705915928,0.0,0.029907159507274628
434,0.64999997615814209,0.011715029366314411,0.0,0.030768683180212975
435,0.64999997615814209,0.011535132303833961,0.0,0.029370434582233429
436,0.64999997615814209,0.011358464136719704,0.0,0.030211944133043289
437,0.66666668653488159,0.011182878166437149,0.0,0.028799325227737427
438,0.64999997615814209,0.011010905727744102,0.0,0.029664823785424232
439,0.68333333730697632,0.010840564034879208,0.0,0.028246380388736725
440,0.68333333730697632,0.010674009099602699,0.0,0.029134798794984818
441,0.68333333730697632,0.010508161969482899,0.0,0.027708014473319054
442,0.68333333730697632,0.010345715098083019,0.0,0.028607193380594254
443,0.68333333730697632,0.010182498022913933,0.0,0.027206828817725182
444,0.68333333730697632,0.010022228583693504,0.0,0.028085347265005112
445,0.68333333730697632,0.009863036684691906,0.0,0.026692278683185577
446,0.68333333730697632,0.0097074089571833611,0.0,0.027587030082941055
447,0.68333333730697632,0.0095524471253156662,0.0,0.026195095852017403
448,0.68333333730697632,0.0093993637710809708,0.0,0.027098976075649261
449,0.68333333730697632,0.0092486562207341194,0.0,0.025688739493489265
450,0.68333333730697632,0.0091002630069851875,0.0,0.026621231809258461
451,0.68333333730697632,0.0089532490819692612,0.0,0.025222275406122208
452,0.69999998807907104,0.0088067995384335518,0.0,0.026159552857279778
453,0.69999998807907104,0.0086618326604366302,0.0,0.024781839922070503
454,0.71666663885116577,0.008519412949681282,0.0,0.025717684999108315
455,0.71666663885116577,0.0083780493587255478,0.0,0.024349512532353401
456,0.71666663885116577,0.00823997613042593,0.0,0.025306465104222298
457,0.71666663885116577,0.0081026088446378708,0.0,0.023909110575914383
458,0.71666663885116577,0.0079690041020512581,0.0,0.024921020492911339
459,0.71666663885116577,0.007835078053176403,0.0,0.023480908945202827
460,0.71666663885116577,0.0077046798542141914,0.0,0.024532211944460869
461,0.71666663885116577,0.0075743226334452629,0.0,0.023075209930539131
462,0.71666663885116577,0.0074476627632975578,0.0,0.024125277996063232
463,0.75,0.0073210843838751316,0.0,0.022700686007738113
464,0.75,0.0071973442099988461,0.0,0.023719491437077522
465,0.75,0.0070748468860983849,0.0,0.02232658863067627
466,0.75,0.0069557507522404194,0.0,0.023327827453613281
467,0.75,0.0068385624326765537,0.0,0.021949727088212967
468,0.75,0.0067238318733870983,0.0,0.022943394258618355
469,0.75,0.006612114142626524,0.0,0.021568844094872475
470,0.75,0.0065019307658076286,0.0,0.022557873278856277
471,0.75,0.0063946046866476536,0.0,0.021189417690038681
472,0.75,0.0062887812964618206,0.0,0.022179512307047844
473,0.75,0.0061850291676819324,0.0,0.020812731236219406
474,0.75,0.0060837054625153542,0.038461539894342422,0.021824333816766739
475,0.75,0.0059844325296580791,0.038461539894342422,0.020426252856850624
476,0.75,0.005887928418815136,0.038461539894342422,0.021487988531589508
477,0.76666665077209473,0.0057927798479795456,0.038461539894342422,0.020046142861247063
478,0.76666665077209473,0.0057003065012395382,0.076923079788684845,0.021151576191186905
479,0.76666665077209473,0.0056081307120621204,0.038461539894342422,0.019688250496983528
480,0.76666665077209473,0.005518568679690361,0.076923079788684845,0.020798424258828163
481,0.76666665077209473,0.0054286760278046131,0.076923079788684845,0.019359983503818512
482,0.76666665077209473,0.0053414176218211651,0.076923079788684845,0.020437600091099739
483,0.76666665077209473,0.005254723597317934,0.076923079788684845,0.019031863659620285
484,0.76666665077209473,0.0051709488034248352,0.11538461595773697,0.0200957041233778
485,0.76666665077209473,0.0050885360687971115,0.11538461595773697,0.018691558390855789
486,0.76666665077209473,0.0050088008865714073,0.11538461595773697,0.019768040627241135
487,0.76666665077209473,0.0049303034320473671,0.11538461595773697,0.018363179638981819
488,0.76666665077209473,0.0048524518497288227,0.11538461595773697,0.01942644827067852
489,0.76666665077209473,0.0047753984108567238,0.11538461595773697,0.018054157495498657
490,0.76666665077209473,0.0046983659267425537,0.15384615957736969,0.019075566902756691
491,0.76666665077209473,0.0046230275183916092,0.15384615957736969,0.017742672935128212
492,0.76666665077209473,0.0045492677018046379,0.15384615957736969,0.0187571682035923
493,0.76666665077209473,0.0044779572635889053,0.15384615957736969,0.017404930666089058
494,0.76666665077209473,0.0044089504517614841,0.15384615957736969,0.018483651801943779
495,0.76666665077209473,0.0043418174609541893,0.15384615957736969,0.017052281647920609
496,0.76666665077209473,0.0042769769206643105,0.15384615957736969,0.018220691010355949
497,0.76666665077209473,0.0042127547785639763,0.15384615957736969,0.016726946458220482
498,0.76666665077209473,0.0041502839885652065,0.19230769574642181,0.017918972298502922
499,0.78333336114883423,0.0040868683718144894,0.19230769574642181,0.016456387937068939
